<?xml version="1.0" encoding="UTF-8"?>
<coverage generated="1512722889080" clover="3.2.0">
  <project timestamp="1512722889080" name="All files">
    <metrics statements="13" coveredstatements="13" conditionals="12" coveredconditionals="8" methods="3" coveredmethods="2" elements="28" coveredelements="23" complexity="0" loc="13" ncloc="13" packages="1" files="1" classes="1">
      <file name="index.js" path="/Users/yandeqiang/Desktop/git/chimee-mobile-player/src/index.js">
        <metrics statements="13" coveredstatements="13" conditionals="12" coveredconditionals="8" methods="3" coveredmethods="2"/>
        <line num="7" count="1" type="stmt"/>
        <line num="8" count="1" type="stmt"/>
        <line num="12" count="3" type="cond" truecount="2" falsecount="0"/>
        <line num="15" count="2" type="cond" truecount="2" falsecount="0"/>
        <line num="16" count="2" type="cond" truecount="1" falsecount="1"/>
        <line num="17" count="2" type="stmt"/>
        <line num="21" count="2" type="cond" truecount="0" falsecount="2"/>
        <line num="22" count="2" type="stmt"/>
        <line num="23" count="4" type="cond" truecount="1" falsecount="1"/>
        <line num="24" count="4" type="stmt"/>
        <line num="26" count="2" type="cond" truecount="2" falsecount="0"/>
        <line num="28" count="2" type="stmt"/>
        <line num="32" count="1" type="stmt"/>
      </file>
    </metrics>
  </project>
</coverage>
