{"/Users/yandeqiang/Desktop/git/chimee-mobile-player/src/index.js": {"path":"/Users/yandeqiang/Desktop/git/chimee-mobile-player/src/index.js","statementMap":{"0":{"start":{"line":7,"column":0},"end":{"line":7,"column":30}},"1":{"start":{"line":8,"column":0},"end":{"line":8,"column":28}},"2":{"start":{"line":12,"column":4},"end":{"line":12,"column":109}},"3":{"start":{"line":12,"column":26},"end":{"line":12,"column":109}},"4":{"start":{"line":15,"column":4},"end":{"line":15,"column":52}},"5":{"start":{"line":16,"column":4},"end":{"line":16,"column":51}},"6":{"start":{"line":16,"column":32},"end":{"line":16,"column":51}},"7":{"start":{"line":17,"column":25},"end":{"line":20,"column":5}},"8":{"start":{"line":21,"column":30},"end":{"line":21,"column":90}},"9":{"start":{"line":21,"column":56},"end":{"line":21,"column":89}},"10":{"start":{"line":22,"column":4},"end":{"line":25,"column":7}},"11":{"start":{"line":23,"column":6},"end":{"line":23,"column":54}},"12":{"start":{"line":23,"column":47},"end":{"line":23,"column":54}},"13":{"start":{"line":24,"column":6},"end":{"line":24,"column":31}},"14":{"start":{"line":26,"column":4},"end":{"line":26,"column":66}},"15":{"start":{"line":28,"column":4},"end":{"line":28,"column":18}},"16":{"start":{"line":32,"column":0},"end":{"line":32,"column":51}}},"fnMap":{"0":{"name":"(anonymous_0)","decl":{"start":{"line":11,"column":2},"end":{"line":11,"column":3}},"loc":{"start":{"line":11,"column":23},"end":{"line":29,"column":3}},"line":11},"1":{"name":"(anonymous_1)","decl":{"start":{"line":21,"column":48},"end":{"line":21,"column":49}},"loc":{"start":{"line":21,"column":56},"end":{"line":21,"column":89}},"line":21},"2":{"name":"(anonymous_2)","decl":{"start":{"line":22,"column":25},"end":{"line":22,"column":26}},"loc":{"start":{"line":22,"column":33},"end":{"line":25,"column":5}},"line":22}},"branchMap":{"0":{"loc":{"start":{"line":12,"column":4},"end":{"line":12,"column":109}},"type":"if","locations":[{"start":{"line":12,"column":4},"end":{"line":12,"column":109}},{"start":{"line":12,"column":4},"end":{"line":12,"column":109}}],"line":12},"1":{"loc":{"start":{"line":15,"column":20},"end":{"line":15,"column":51}},"type":"binary-expr","locations":[{"start":{"line":15,"column":20},"end":{"line":15,"column":33}},{"start":{"line":15,"column":37},"end":{"line":15,"column":51}}],"line":15},"2":{"loc":{"start":{"line":16,"column":4},"end":{"line":16,"column":51}},"type":"if","locations":[{"start":{"line":16,"column":4},"end":{"line":16,"column":51}},{"start":{"line":16,"column":4},"end":{"line":16,"column":51}}],"line":16},"3":{"loc":{"start":{"line":21,"column":56},"end":{"line":21,"column":89}},"type":"cond-expr","locations":[{"start":{"line":21,"column":73},"end":{"line":21,"column":82}},{"start":{"line":21,"column":85},"end":{"line":21,"column":89}}],"line":21},"4":{"loc":{"start":{"line":23,"column":6},"end":{"line":23,"column":54}},"type":"if","locations":[{"start":{"line":23,"column":6},"end":{"line":23,"column":54}},{"start":{"line":23,"column":6},"end":{"line":23,"column":54}}],"line":23},"5":{"loc":{"start":{"line":26,"column":17},"end":{"line":26,"column":65}},"type":"cond-expr","locations":[{"start":{"line":26,"column":44},"end":{"line":26,"column":52}},{"start":{"line":26,"column":55},"end":{"line":26,"column":65}}],"line":26}},"s":{"0":1,"1":1,"2":3,"3":1,"4":2,"5":2,"6":2,"7":2,"8":2,"9":0,"10":2,"11":4,"12":0,"13":4,"14":2,"15":2,"16":1},"f":{"0":3,"1":0,"2":4},"b":{"0":[1,2],"1":[2,2],"2":[2,0],"3":[0,0],"4":[0,4],"5":[1,1]},"_coverageSchema":"332fd63041d2c1bcb487cc26dd0d5f7d97098a6c","hash":"4207adcdc13c20b342a37fe991dfef4019c48f7d"}
}
