TN:
SF:/Users/yandeqiang/Desktop/git/chimee-mobile-player/src/index.js
FN:11,(anonymous_0)
FN:21,(anonymous_1)
FN:22,(anonymous_2)
FNF:3
FNH:2
FNDA:3,(anonymous_0)
FNDA:0,(anonymous_1)
FNDA:4,(anonymous_2)
DA:7,1
DA:8,1
DA:12,3
DA:15,2
DA:16,2
DA:17,2
DA:21,2
DA:22,2
DA:23,4
DA:24,4
DA:26,2
DA:28,2
DA:32,1
LF:13
LH:13
BRDA:12,0,0,1
BRDA:12,0,1,2
BRDA:15,1,0,2
BRDA:15,1,1,2
BRDA:16,2,0,2
BRDA:16,2,1,0
BRDA:21,3,0,0
BRDA:21,3,1,0
BRDA:23,4,0,0
BRDA:23,4,1,4
BRDA:26,5,0,1
BRDA:26,5,1,1
BRF:12
BRH:8
end_of_record
